<?xml version="1.0" encoding="UTF-8"?>
<!-- Generated by org.testng.reporters.JUnitReportReporter -->
<testsuite hostname="DESKTOP-7IN7D1S" name="bjss.test.testCase.CRUD" tests="4" failures="0" timestamp="4 Jan 2018 20:21:13 GMT" time="5.470" errors="0">
  <testcase name="postExample" time="0.647" classname="bjss.test.testCase.CRUD"/>
  <testcase name="putExample" time="0.974" classname="bjss.test.testCase.CRUD"/>
  <testcase name="Get" time="3.201" classname="bjss.test.testCase.CRUD"/>
  <testcase name="deleteExample" time="0.648" classname="bjss.test.testCase.CRUD"/>
</testsuite> <!-- bjss.test.testCase.CRUD -->
