<?xml version="1.0" encoding="UTF-8"?>
<!-- Generated by org.testng.reporters.JUnitReportReporter -->
<testsuite hostname="DESKTOP-7IN7D1S" name="bjss.test.testCase.TestCase2" tests="1" failures="0" timestamp="5 Jan 2018 09:36:21 GMT" time="10.080" errors="0">
  <testcase name="test2" time="10.080" classname="bjss.test.testCase.TestCase2"/>
</testsuite> <!-- bjss.test.testCase.TestCase2 -->
