<?xml version="1.0" encoding="UTF-8"?>
<!-- Generated by org.testng.reporters.JUnitReportReporter -->
<testsuite hostname="DESKTOP-7IN7D1S" name="bjss.test.testCase.GetRequest" tests="4" failures="0" timestamp="4 Jan 2018 14:43:37 GMT" time="3.617" errors="0">
  <testcase name="putExample" time="0.392" classname="bjss.test.testCase.GetRequest"/>
  <testcase name="postExample" time="0.403" classname="bjss.test.testCase.GetRequest"/>
  <testcase name="Get" time="2.447" classname="bjss.test.testCase.GetRequest"/>
  <testcase name="deleteExample" time="0.375" classname="bjss.test.testCase.GetRequest"/>
</testsuite> <!-- bjss.test.testCase.GetRequest -->
