<?xml version="1.0" encoding="UTF-8"?>
<!-- Generated by org.testng.reporters.JUnitReportReporter -->
<testsuite hostname="DESKTOP-7IN7D1S" name="bjss.test.testCase.TestCase1" tests="1" failures="0" timestamp="5 Jan 2018 05:10:42 GMT" time="31.938" errors="0">
  <testcase name="test1" time="31.938" classname="bjss.test.testCase.TestCase1"/>
</testsuite> <!-- bjss.test.testCase.TestCase1 -->
