<?xml version="1.0" encoding="UTF-8"?>
<!-- Generated by org.testng.reporters.JUnitReportReporter -->
<testsuite hostname="DESKTOP-7IN7D1S" name="bjss.test.testCase.TestCase2" tests="1" failures="0" timestamp="5 Jan 2018 04:09:05 GMT" time="9.850" errors="0">
  <testcase name="test2" time="9.850" classname="bjss.test.testCase.TestCase2"/>
</testsuite> <!-- bjss.test.testCase.TestCase2 -->
