<?xml version="1.0" encoding="UTF-8"?>
<!-- Generated by org.testng.reporters.JUnitReportReporter -->
<testsuite hostname="DESKTOP-7IN7D1S" name="bjss.test.testCase.CRUD" tests="4" failures="0" timestamp="5 Jan 2018 03:12:32 GMT" time="3.688" errors="0">
  <testcase name="Get" time="2.147" classname="bjss.test.testCase.CRUD"/>
  <testcase name="deleteExample" time="0.419" classname="bjss.test.testCase.CRUD"/>
  <testcase name="postExample" time="0.567" classname="bjss.test.testCase.CRUD"/>
  <testcase name="putExample" time="0.555" classname="bjss.test.testCase.CRUD"/>
</testsuite> <!-- bjss.test.testCase.CRUD -->
